{"D:\\Task\\MyApp\\App.tsx": {"path":"D:\\Task\\MyApp\\App.tsx","statementMap":{"0":{"start":{"line":11,"column":20},"end":{"line":18,"column":1}},"1":{"start":{"line":12,"column":2},"end":{"line":17,"column":4}}},"fnMap":{"0":{"name":"(anonymous_0)","decl":{"start":{"line":11,"column":20},"end":{"line":11,"column":21}},"loc":{"start":{"line":11,"column":26},"end":{"line":18,"column":1}},"line":11}},"branchMap":{},"s":{"0":1,"1":1},"f":{"0":1},"b":{},"_coverageSchema":"1a1c01bbd47fc00a2c39e90264f33305004495a9","hash":"6db75f90398c2ea5e7fff0c06a190592609fa9a1"}
,"D:\\Task\\MyApp\\Src\\Components\\input.tsx": {"path":"D:\\Task\\MyApp\\Src\\Components\\input.tsx","statementMap":{"0":{"start":{"line":5,"column":23},"end":{"line":5,"column":47}},"1":{"start":{"line":14,"column":24},"end":{"line":25,"column":1}},"2":{"start":{"line":15,"column":6},"end":{"line":24,"column":7}},"3":{"start":{"line":29,"column":15},"end":{"line":40,"column":2}}},"fnMap":{"0":{"name":"(anonymous_0)","decl":{"start":{"line":14,"column":24},"end":{"line":14,"column":25}},"loc":{"start":{"line":14,"column":34},"end":{"line":25,"column":1}},"line":14}},"branchMap":{"0":{"loc":{"start":{"line":22,"column":29},"end":{"line":22,"column":58}},"type":"binary-expr","locations":[{"start":{"line":22,"column":29},"end":{"line":22,"column":50}},{"start":{"line":22,"column":53},"end":{"line":22,"column":58}}],"line":22}},"s":{"0":3,"1":3,"2":39,"3":3},"f":{"0":39},"b":{"0":[39,30]},"_coverageSchema":"1a1c01bbd47fc00a2c39e90264f33305004495a9","hash":"dc5ae979b9bb2261d211aa80b727e7e04099df1c"}
,"D:\\Task\\MyApp\\Src\\Constants\\firebase.tsx": {"path":"D:\\Task\\MyApp\\Src\\Constants\\firebase.tsx","statementMap":{"0":{"start":{"line":3,"column":23},"end":{"line":10,"column":3}},"1":{"start":{"line":12,"column":2},"end":{"line":12,"column":41}}},"fnMap":{},"branchMap":{},"s":{"0":1,"1":1},"f":{},"b":{},"_coverageSchema":"1a1c01bbd47fc00a2c39e90264f33305004495a9","hash":"f9424e12b613142fc30d592be71e2984ddcfdbf0"}
,"D:\\Task\\MyApp\\Src\\Screens\\Dashboard.Screen.tsx": {"path":"D:\\Task\\MyApp\\Src\\Screens\\Dashboard.Screen.tsx","statementMap":{"0":{"start":{"line":6,"column":18},"end":{"line":12,"column":1}},"1":{"start":{"line":7,"column":4},"end":{"line":11,"column":6}},"2":{"start":{"line":15,"column":15},"end":{"line":22,"column":2}}},"fnMap":{"0":{"name":"(anonymous_0)","decl":{"start":{"line":6,"column":18},"end":{"line":6,"column":19}},"loc":{"start":{"line":6,"column":24},"end":{"line":12,"column":1}},"line":6}},"branchMap":{},"s":{"0":1,"1":0,"2":1},"f":{"0":0},"b":{},"_coverageSchema":"1a1c01bbd47fc00a2c39e90264f33305004495a9","hash":"cac17db3e6ee451eafa64bdc50041ff7d5fd8b1b"}
,"D:\\Task\\MyApp\\Src\\Screens\\Data.Screen.tsx": {"path":"D:\\Task\\MyApp\\Src\\Screens\\Data.Screen.tsx","statementMap":{"0":{"start":{"line":113,"column":19},"end":{"line":188,"column":1}},"1":{"start":{"line":114,"column":32},"end":{"line":114,"column":42}},"2":{"start":{"line":115,"column":34},"end":{"line":115,"column":46}},"3":{"start":{"line":116,"column":2},"end":{"line":121,"column":9}},"4":{"start":{"line":117,"column":4},"end":{"line":117,"column":16}},"5":{"start":{"line":119,"column":4},"end":{"line":119,"column":27}},"6":{"start":{"line":120,"column":4},"end":{"line":120,"column":15}},"7":{"start":{"line":123,"column":20},"end":{"line":126,"column":3}},"8":{"start":{"line":124,"column":15},"end":{"line":124,"column":54}},"9":{"start":{"line":128,"column":19},"end":{"line":142,"column":3}},"10":{"start":{"line":129,"column":4},"end":{"line":129,"column":33}},"11":{"start":{"line":130,"column":17},"end":{"line":133,"column":5}},"12":{"start":{"line":135,"column":4},"end":{"line":141,"column":5}},"13":{"start":{"line":136,"column":21},"end":{"line":136,"column":44}},"14":{"start":{"line":137,"column":17},"end":{"line":137,"column":38}},"15":{"start":{"line":138,"column":6},"end":{"line":138,"column":24}},"16":{"start":{"line":140,"column":6},"end":{"line":140,"column":40}},"17":{"start":{"line":144,"column":21},"end":{"line":172,"column":3}},"18":{"start":{"line":145,"column":4},"end":{"line":145,"column":42}},"19":{"start":{"line":146,"column":4},"end":{"line":171,"column":6}},"20":{"start":{"line":166,"column":12},"end":{"line":166,"column":71}},"21":{"start":{"line":174,"column":21},"end":{"line":176,"column":3}},"22":{"start":{"line":175,"column":4},"end":{"line":175,"column":61}},"23":{"start":{"line":177,"column":2},"end":{"line":187,"column":4}},"24":{"start":{"line":182,"column":41},"end":{"line":182,"column":57}},"25":{"start":{"line":190,"column":15},"end":{"line":206,"column":2}}},"fnMap":{"0":{"name":"(anonymous_0)","decl":{"start":{"line":113,"column":19},"end":{"line":113,"column":20}},"loc":{"start":{"line":113,"column":56},"end":{"line":188,"column":1}},"line":113},"1":{"name":"(anonymous_1)","decl":{"start":{"line":116,"column":12},"end":{"line":116,"column":13}},"loc":{"start":{"line":116,"column":18},"end":{"line":121,"column":3}},"line":116},"2":{"name":"(anonymous_2)","decl":{"start":{"line":123,"column":20},"end":{"line":123,"column":21}},"loc":{"start":{"line":123,"column":32},"end":{"line":126,"column":3}},"line":123},"3":{"name":"(anonymous_3)","decl":{"start":{"line":128,"column":19},"end":{"line":128,"column":20}},"loc":{"start":{"line":128,"column":31},"end":{"line":142,"column":3}},"line":128},"4":{"name":"(anonymous_4)","decl":{"start":{"line":144,"column":21},"end":{"line":144,"column":22}},"loc":{"start":{"line":144,"column":39},"end":{"line":172,"column":3}},"line":144},"5":{"name":"(anonymous_5)","decl":{"start":{"line":165,"column":19},"end":{"line":165,"column":20}},"loc":{"start":{"line":166,"column":12},"end":{"line":166,"column":71}},"line":166},"6":{"name":"(anonymous_6)","decl":{"start":{"line":174,"column":21},"end":{"line":174,"column":22}},"loc":{"start":{"line":174,"column":27},"end":{"line":176,"column":3}},"line":174},"7":{"name":"(anonymous_7)","decl":{"start":{"line":182,"column":24},"end":{"line":182,"column":25}},"loc":{"start":{"line":182,"column":41},"end":{"line":182,"column":57}},"line":182}},"branchMap":{},"s":{"0":1,"1":0,"2":0,"3":0,"4":0,"5":0,"6":0,"7":0,"8":0,"9":0,"10":0,"11":0,"12":0,"13":0,"14":0,"15":0,"16":0,"17":0,"18":0,"19":0,"20":0,"21":0,"22":0,"23":0,"24":0,"25":1},"f":{"0":0,"1":0,"2":0,"3":0,"4":0,"5":0,"6":0,"7":0},"b":{},"_coverageSchema":"1a1c01bbd47fc00a2c39e90264f33305004495a9","hash":"2a61a07557deb95ce2befcc017a7df07e5744c2c"}
,"D:\\Task\\MyApp\\Src\\Screens\\DetailsData.Screen.tsx": {"path":"D:\\Task\\MyApp\\Src\\Screens\\DetailsData.Screen.tsx","statementMap":{"0":{"start":{"line":14,"column":20},"end":{"line":59,"column":1}},"1":{"start":{"line":15,"column":34},"end":{"line":15,"column":62}},"2":{"start":{"line":16,"column":26},"end":{"line":28,"column":3}},"3":{"start":{"line":17,"column":4},"end":{"line":17,"column":20}},"4":{"start":{"line":18,"column":4},"end":{"line":27,"column":5}},"5":{"start":{"line":19,"column":21},"end":{"line":21,"column":7}},"6":{"start":{"line":22,"column":17},"end":{"line":22,"column":38}},"7":{"start":{"line":23,"column":6},"end":{"line":23,"column":24}},"8":{"start":{"line":24,"column":6},"end":{"line":24,"column":24}},"9":{"start":{"line":26,"column":6},"end":{"line":26,"column":23}},"10":{"start":{"line":29,"column":2},"end":{"line":32,"column":9}},"11":{"start":{"line":30,"column":4},"end":{"line":30,"column":38}},"12":{"start":{"line":31,"column":4},"end":{"line":31,"column":42}},"13":{"start":{"line":33,"column":21},"end":{"line":42,"column":3}},"14":{"start":{"line":34,"column":4},"end":{"line":41,"column":6}},"15":{"start":{"line":44,"column":2},"end":{"line":58,"column":4}},"16":{"start":{"line":54,"column":30},"end":{"line":54,"column":48}},"17":{"start":{"line":62,"column":15},"end":{"line":89,"column":2}}},"fnMap":{"0":{"name":"(anonymous_0)","decl":{"start":{"line":14,"column":20},"end":{"line":14,"column":21}},"loc":{"start":{"line":14,"column":33},"end":{"line":59,"column":1}},"line":14},"1":{"name":"(anonymous_1)","decl":{"start":{"line":16,"column":26},"end":{"line":16,"column":27}},"loc":{"start":{"line":16,"column":48},"end":{"line":28,"column":3}},"line":16},"2":{"name":"(anonymous_2)","decl":{"start":{"line":29,"column":12},"end":{"line":29,"column":13}},"loc":{"start":{"line":29,"column":18},"end":{"line":32,"column":3}},"line":29},"3":{"name":"(anonymous_3)","decl":{"start":{"line":33,"column":21},"end":{"line":33,"column":22}},"loc":{"start":{"line":33,"column":40},"end":{"line":42,"column":3}},"line":33},"4":{"name":"(anonymous_4)","decl":{"start":{"line":54,"column":22},"end":{"line":54,"column":23}},"loc":{"start":{"line":54,"column":30},"end":{"line":54,"column":48}},"line":54}},"branchMap":{},"s":{"0":1,"1":0,"2":0,"3":0,"4":0,"5":0,"6":0,"7":0,"8":0,"9":0,"10":0,"11":0,"12":0,"13":0,"14":0,"15":0,"16":0,"17":1},"f":{"0":0,"1":0,"2":0,"3":0,"4":0},"b":{},"_coverageSchema":"1a1c01bbd47fc00a2c39e90264f33305004495a9","hash":"f15ad78b4b309c53db682785eb0e6be6af6a198e"}
,"D:\\Task\\MyApp\\Src\\Screens\\Home.Screen.tsx": {"path":"D:\\Task\\MyApp\\Src\\Screens\\Home.Screen.tsx","statementMap":{"0":{"start":{"line":10,"column":20},"end":{"line":34,"column":1}},"1":{"start":{"line":12,"column":19},"end":{"line":14,"column":5}},"2":{"start":{"line":13,"column":8},"end":{"line":13,"column":34}},"3":{"start":{"line":18,"column":4},"end":{"line":33,"column":6}},"4":{"start":{"line":31,"column":27},"end":{"line":31,"column":60}},"5":{"start":{"line":37,"column":15},"end":{"line":44,"column":2}}},"fnMap":{"0":{"name":"(anonymous_0)","decl":{"start":{"line":10,"column":20},"end":{"line":10,"column":21}},"loc":{"start":{"line":10,"column":57},"end":{"line":34,"column":1}},"line":10},"1":{"name":"(anonymous_1)","decl":{"start":{"line":12,"column":19},"end":{"line":12,"column":20}},"loc":{"start":{"line":12,"column":24},"end":{"line":14,"column":5}},"line":12},"2":{"name":"(anonymous_2)","decl":{"start":{"line":31,"column":21},"end":{"line":31,"column":22}},"loc":{"start":{"line":31,"column":27},"end":{"line":31,"column":60}},"line":31}},"branchMap":{},"s":{"0":1,"1":0,"2":0,"3":0,"4":0,"5":1},"f":{"0":0,"1":0,"2":0},"b":{},"_coverageSchema":"1a1c01bbd47fc00a2c39e90264f33305004495a9","hash":"ebb13676debd0d8ab179e5ceca2f2aef4a1c6c99"}
,"D:\\Task\\MyApp\\Src\\Screens\\Login.Screen.tsx": {"path":"D:\\Task\\MyApp\\Src\\Screens\\Login.Screen.tsx","statementMap":{"0":{"start":{"line":15,"column":12},"end":{"line":57,"column":3}},"1":{"start":{"line":16,"column":28},"end":{"line":16,"column":56}},"2":{"start":{"line":17,"column":33},"end":{"line":17,"column":61}},"3":{"start":{"line":18,"column":28},"end":{"line":18,"column":57}},"4":{"start":{"line":20,"column":16},"end":{"line":30,"column":3}},"5":{"start":{"line":21,"column":4},"end":{"line":21,"column":31}},"6":{"start":{"line":22,"column":4},"end":{"line":29,"column":5}},"7":{"start":{"line":23,"column":20},"end":{"line":23,"column":84}},"8":{"start":{"line":24,"column":6},"end":{"line":24,"column":39}},"9":{"start":{"line":25,"column":6},"end":{"line":25,"column":47}},"10":{"start":{"line":27,"column":6},"end":{"line":27,"column":32}},"11":{"start":{"line":28,"column":6},"end":{"line":28,"column":35}},"12":{"start":{"line":32,"column":2},"end":{"line":56,"column":3}},"13":{"start":{"line":37,"column":43},"end":{"line":37,"column":57}},"14":{"start":{"line":42,"column":43},"end":{"line":42,"column":60}},"15":{"start":{"line":58,"column":17},"end":{"line":79,"column":4}}},"fnMap":{"0":{"name":"(anonymous_0)","decl":{"start":{"line":15,"column":12},"end":{"line":15,"column":13}},"loc":{"start":{"line":15,"column":49},"end":{"line":57,"column":3}},"line":15},"1":{"name":"(anonymous_1)","decl":{"start":{"line":20,"column":16},"end":{"line":20,"column":17}},"loc":{"start":{"line":20,"column":28},"end":{"line":30,"column":3}},"line":20},"2":{"name":"(anonymous_2)","decl":{"start":{"line":37,"column":34},"end":{"line":37,"column":35}},"loc":{"start":{"line":37,"column":43},"end":{"line":37,"column":57}},"line":37},"3":{"name":"(anonymous_3)","decl":{"start":{"line":42,"column":33},"end":{"line":42,"column":34}},"loc":{"start":{"line":42,"column":43},"end":{"line":42,"column":60}},"line":42}},"branchMap":{"0":{"loc":{"start":{"line":22,"column":4},"end":{"line":29,"column":5}},"type":"if","locations":[{"start":{"line":22,"column":4},"end":{"line":29,"column":5}},{"start":{"line":26,"column":9},"end":{"line":29,"column":5}}],"line":22},"1":{"loc":{"start":{"line":22,"column":7},"end":{"line":22,"column":24}},"type":"binary-expr","locations":[{"start":{"line":22,"column":7},"end":{"line":22,"column":12}},{"start":{"line":22,"column":16},"end":{"line":22,"column":24}}],"line":22},"2":{"loc":{"start":{"line":45,"column":22},"end":{"line":45,"column":78}},"type":"binary-expr","locations":[{"start":{"line":45,"column":22},"end":{"line":45,"column":36}},{"start":{"line":45,"column":40},"end":{"line":45,"column":78}}],"line":45}},"s":{"0":2,"1":6,"2":6,"3":6,"4":6,"5":2,"6":2,"7":1,"8":0,"9":0,"10":1,"11":1,"12":6,"13":1,"14":1,"15":2},"f":{"0":6,"1":2,"2":1,"3":1},"b":{"0":[1,1],"1":[2,1],"2":[6,1]},"_coverageSchema":"1a1c01bbd47fc00a2c39e90264f33305004495a9","hash":"aa99321f98dc456a3443a87e608aa4bec0c01879"}
,"D:\\Task\\MyApp\\Src\\Screens\\Register.Screen.tsx": {"path":"D:\\Task\\MyApp\\Src\\Screens\\Register.Screen.tsx","statementMap":{"0":{"start":{"line":17,"column":17},"end":{"line":88,"column":3}},"1":{"start":{"line":18,"column":25},"end":{"line":18,"column":58}},"2":{"start":{"line":19,"column":28},"end":{"line":19,"column":61}},"3":{"start":{"line":20,"column":34},"end":{"line":20,"column":67}},"4":{"start":{"line":21,"column":28},"end":{"line":21,"column":63}},"5":{"start":{"line":23,"column":15},"end":{"line":47,"column":1}},"6":{"start":{"line":24,"column":0},"end":{"line":24,"column":30}},"7":{"start":{"line":25,"column":2},"end":{"line":46,"column":3}},"8":{"start":{"line":26,"column":4},"end":{"line":26,"column":34}},"9":{"start":{"line":27,"column":4},"end":{"line":41,"column":5}},"10":{"start":{"line":28,"column":6},"end":{"line":28,"column":35}},"11":{"start":{"line":29,"column":19},"end":{"line":29,"column":88}},"12":{"start":{"line":30,"column":6},"end":{"line":30,"column":40}},"13":{"start":{"line":31,"column":6},"end":{"line":31,"column":35}},"14":{"start":{"line":32,"column":6},"end":{"line":37,"column":7}},"15":{"start":{"line":33,"column":8},"end":{"line":33,"column":70}},"16":{"start":{"line":35,"column":8},"end":{"line":35,"column":42}},"17":{"start":{"line":36,"column":8},"end":{"line":36,"column":45}},"18":{"start":{"line":40,"column":8},"end":{"line":40,"column":26}},"19":{"start":{"line":44,"column":4},"end":{"line":44,"column":30}},"20":{"start":{"line":45,"column":4},"end":{"line":45,"column":46}},"21":{"start":{"line":51,"column":2},"end":{"line":87,"column":3}},"22":{"start":{"line":56,"column":44},"end":{"line":56,"column":57}},"23":{"start":{"line":61,"column":43},"end":{"line":61,"column":57}},"24":{"start":{"line":66,"column":41},"end":{"line":66,"column":58}},"25":{"start":{"line":83,"column":34},"end":{"line":83,"column":68}},"26":{"start":{"line":89,"column":17},"end":{"line":125,"column":4}}},"fnMap":{"0":{"name":"(anonymous_0)","decl":{"start":{"line":17,"column":17},"end":{"line":17,"column":18}},"loc":{"start":{"line":17,"column":54},"end":{"line":88,"column":3}},"line":17},"1":{"name":"(anonymous_1)","decl":{"start":{"line":23,"column":15},"end":{"line":23,"column":16}},"loc":{"start":{"line":23,"column":27},"end":{"line":47,"column":1}},"line":23},"2":{"name":"(anonymous_2)","decl":{"start":{"line":56,"column":34},"end":{"line":56,"column":35}},"loc":{"start":{"line":56,"column":44},"end":{"line":56,"column":57}},"line":56},"3":{"name":"(anonymous_3)","decl":{"start":{"line":61,"column":33},"end":{"line":61,"column":34}},"loc":{"start":{"line":61,"column":43},"end":{"line":61,"column":57}},"line":61},"4":{"name":"(anonymous_4)","decl":{"start":{"line":66,"column":31},"end":{"line":66,"column":32}},"loc":{"start":{"line":66,"column":41},"end":{"line":66,"column":58}},"line":66},"5":{"name":"(anonymous_5)","decl":{"start":{"line":83,"column":28},"end":{"line":83,"column":29}},"loc":{"start":{"line":83,"column":34},"end":{"line":83,"column":68}},"line":83}},"branchMap":{"0":{"loc":{"start":{"line":25,"column":2},"end":{"line":46,"column":3}},"type":"if","locations":[{"start":{"line":25,"column":2},"end":{"line":46,"column":3}},{"start":{"line":43,"column":7},"end":{"line":46,"column":3}}],"line":25},"1":{"loc":{"start":{"line":25,"column":5},"end":{"line":25,"column":30}},"type":"binary-expr","locations":[{"start":{"line":25,"column":5},"end":{"line":25,"column":9}},{"start":{"line":25,"column":13},"end":{"line":25,"column":18}},{"start":{"line":25,"column":22},"end":{"line":25,"column":30}}],"line":25},"2":{"loc":{"start":{"line":32,"column":6},"end":{"line":37,"column":7}},"type":"if","locations":[{"start":{"line":32,"column":6},"end":{"line":37,"column":7}},{"start":{},"end":{}}],"line":32},"3":{"loc":{"start":{"line":71,"column":13},"end":{"line":71,"column":69}},"type":"binary-expr","locations":[{"start":{"line":71,"column":13},"end":{"line":71,"column":27}},{"start":{"line":71,"column":31},"end":{"line":71,"column":69}}],"line":71}},"s":{"0":2,"1":9,"2":9,"3":9,"4":9,"5":9,"6":2,"7":2,"8":1,"9":1,"10":1,"11":1,"12":0,"13":0,"14":0,"15":0,"16":0,"17":0,"18":1,"19":1,"20":1,"21":9,"22":1,"23":1,"24":1,"25":1,"26":2},"f":{"0":9,"1":2,"2":1,"3":1,"4":1,"5":1},"b":{"0":[1,1],"1":[2,1,1],"2":[0,0],"3":[9,1]},"_coverageSchema":"1a1c01bbd47fc00a2c39e90264f33305004495a9","hash":"c8014aba4ce2aacf681b6e8f2c49a2ccb5197c01"}
,"D:\\Task\\MyApp\\Src\\navigation\\appstack.tsx": {"path":"D:\\Task\\MyApp\\Src\\navigation\\appstack.tsx","statementMap":{"0":{"start":{"line":13,"column":27},"end":{"line":13,"column":55}},"1":{"start":{"line":14,"column":21},"end":{"line":27,"column":1}},"2":{"start":{"line":15,"column":4},"end":{"line":26,"column":5}}},"fnMap":{"0":{"name":"(anonymous_0)","decl":{"start":{"line":14,"column":21},"end":{"line":14,"column":22}},"loc":{"start":{"line":14,"column":26},"end":{"line":27,"column":1}},"line":14}},"branchMap":{},"s":{"0":1,"1":1,"2":0},"f":{"0":0},"b":{},"_coverageSchema":"1a1c01bbd47fc00a2c39e90264f33305004495a9","hash":"8b408d86201fecb1f5d0c4865f6f7aff87d0bfdb"}
,"D:\\Task\\MyApp\\Src\\navigation\\authstack.tsx": {"path":"D:\\Task\\MyApp\\Src\\navigation\\authstack.tsx","statementMap":{"0":{"start":{"line":8,"column":27},"end":{"line":8,"column":55}},"1":{"start":{"line":9,"column":22},"end":{"line":21,"column":1}},"2":{"start":{"line":10,"column":4},"end":{"line":20,"column":5}}},"fnMap":{"0":{"name":"(anonymous_0)","decl":{"start":{"line":9,"column":22},"end":{"line":9,"column":23}},"loc":{"start":{"line":9,"column":27},"end":{"line":21,"column":1}},"line":9}},"branchMap":{},"s":{"0":1,"1":1,"2":1},"f":{"0":1},"b":{},"_coverageSchema":"1a1c01bbd47fc00a2c39e90264f33305004495a9","hash":"fca27ae866a808fdacdaa3d5253b599827c4310d"}
,"D:\\Task\\MyApp\\Src\\navigation\\mainNav.tsx": {"path":"D:\\Task\\MyApp\\Src\\navigation\\mainNav.tsx","statementMap":{"0":{"start":{"line":12,"column":21},"end":{"line":38,"column":1}},"1":{"start":{"line":13,"column":26},"end":{"line":13,"column":45}},"2":{"start":{"line":16,"column":17},"end":{"line":24,"column":1}},"3":{"start":{"line":18,"column":4},"end":{"line":23,"column":6}},"4":{"start":{"line":19,"column":8},"end":{"line":22,"column":9}},"5":{"start":{"line":20,"column":12},"end":{"line":20,"column":30}},"6":{"start":{"line":21,"column":12},"end":{"line":21,"column":26}},"7":{"start":{"line":26,"column":0},"end":{"line":29,"column":6}},"8":{"start":{"line":27,"column":4},"end":{"line":27,"column":15}},"9":{"start":{"line":33,"column":0},"end":{"line":37,"column":1}}},"fnMap":{"0":{"name":"(anonymous_0)","decl":{"start":{"line":12,"column":21},"end":{"line":12,"column":22}},"loc":{"start":{"line":12,"column":27},"end":{"line":38,"column":1}},"line":12},"1":{"name":"(anonymous_1)","decl":{"start":{"line":16,"column":17},"end":{"line":16,"column":18}},"loc":{"start":{"line":16,"column":22},"end":{"line":24,"column":1}},"line":16},"2":{"name":"(anonymous_2)","decl":{"start":{"line":18,"column":39},"end":{"line":18,"column":40}},"loc":{"start":{"line":18,"column":48},"end":{"line":23,"column":5}},"line":18},"3":{"name":"(anonymous_3)","decl":{"start":{"line":26,"column":10},"end":{"line":26,"column":11}},"loc":{"start":{"line":26,"column":14},"end":{"line":29,"column":1}},"line":26}},"branchMap":{"0":{"loc":{"start":{"line":19,"column":8},"end":{"line":22,"column":9}},"type":"if","locations":[{"start":{"line":19,"column":8},"end":{"line":22,"column":9}},{"start":{},"end":{}}],"line":19},"1":{"loc":{"start":{"line":35,"column":9},"end":{"line":35,"column":50}},"type":"cond-expr","locations":[{"start":{"line":35,"column":24},"end":{"line":35,"column":35}},{"start":{"line":35,"column":38},"end":{"line":35,"column":50}}],"line":35}},"s":{"0":1,"1":1,"2":1,"3":1,"4":0,"5":0,"6":0,"7":1,"8":1,"9":1},"f":{"0":1,"1":1,"2":0,"3":1},"b":{"0":[0,0],"1":[0,1]},"_coverageSchema":"1a1c01bbd47fc00a2c39e90264f33305004495a9","hash":"437724f60e22679b1d9e9eea7f8820a34ba1a8f9"}
}
