TN:
SF:App.tsx
FN:11,(anonymous_0)
FNF:1
FNH:1
FNDA:1,(anonymous_0)
DA:11,1
DA:12,1
LF:2
LH:2
BRF:0
BRH:0
end_of_record
TN:
SF:Src\Components\input.tsx
FN:14,(anonymous_0)
FNF:1
FNH:1
FNDA:39,(anonymous_0)
DA:5,3
DA:14,3
DA:15,39
DA:29,3
LF:4
LH:4
BRDA:22,0,0,39
BRDA:22,0,1,30
BRF:2
BRH:2
end_of_record
TN:
SF:Src\Constants\firebase.tsx
FNF:0
FNH:0
DA:3,1
DA:12,1
LF:2
LH:2
BRF:0
BRH:0
end_of_record
TN:
SF:Src\Screens\Dashboard.Screen.tsx
FN:6,(anonymous_0)
FNF:1
FNH:0
FNDA:0,(anonymous_0)
DA:6,1
DA:7,0
DA:15,1
LF:3
LH:2
BRF:0
BRH:0
end_of_record
TN:
SF:Src\Screens\Data.Screen.tsx
FN:113,(anonymous_0)
FN:116,(anonymous_1)
FN:123,(anonymous_2)
FN:128,(anonymous_3)
FN:144,(anonymous_4)
FN:165,(anonymous_5)
FN:174,(anonymous_6)
FN:182,(anonymous_7)
FNF:8
FNH:5
FNDA:1,(anonymous_0)
FNDA:1,(anonymous_1)
FNDA:1,(anonymous_2)
FNDA:1,(anonymous_3)
FNDA:0,(anonymous_4)
FNDA:0,(anonymous_5)
FNDA:1,(anonymous_6)
FNDA:0,(anonymous_7)
DA:113,2
DA:114,1
DA:115,1
DA:116,1
DA:117,1
DA:119,1
DA:120,1
DA:123,1
DA:124,1
DA:128,1
DA:129,1
DA:130,1
DA:135,1
DA:136,1
DA:137,0
DA:138,0
DA:140,1
DA:144,1
DA:145,0
DA:146,0
DA:166,0
DA:174,1
DA:175,1
DA:177,1
DA:182,0
DA:190,2
LF:26
LH:20
BRF:0
BRH:0
end_of_record
TN:
SF:Src\Screens\DetailsData.Screen.tsx
FN:14,(anonymous_0)
FN:16,(anonymous_1)
FN:29,(anonymous_2)
FN:33,(anonymous_3)
FN:54,(anonymous_4)
FNF:5
FNH:3
FNDA:2,(anonymous_0)
FNDA:2,(anonymous_1)
FNDA:2,(anonymous_2)
FNDA:0,(anonymous_3)
FNDA:0,(anonymous_4)
DA:14,2
DA:15,2
DA:16,2
DA:17,2
DA:18,2
DA:19,2
DA:22,0
DA:23,0
DA:24,0
DA:26,2
DA:29,2
DA:30,2
DA:31,2
DA:33,2
DA:34,0
DA:44,2
DA:54,0
DA:62,2
LF:18
LH:13
BRF:0
BRH:0
end_of_record
TN:
SF:Src\Screens\Home.Screen.tsx
FN:10,(anonymous_0)
FN:12,(anonymous_1)
FN:31,(anonymous_2)
FNF:3
FNH:0
FNDA:0,(anonymous_0)
FNDA:0,(anonymous_1)
FNDA:0,(anonymous_2)
DA:10,1
DA:12,0
DA:13,0
DA:18,0
DA:31,0
DA:37,1
LF:6
LH:2
BRF:0
BRH:0
end_of_record
TN:
SF:Src\Screens\Login.Screen.tsx
FN:15,(anonymous_0)
FN:20,(anonymous_1)
FN:37,(anonymous_2)
FN:42,(anonymous_3)
FNF:4
FNH:4
FNDA:6,(anonymous_0)
FNDA:2,(anonymous_1)
FNDA:1,(anonymous_2)
FNDA:1,(anonymous_3)
DA:15,2
DA:16,6
DA:17,6
DA:18,6
DA:20,6
DA:21,2
DA:22,2
DA:23,1
DA:24,0
DA:25,0
DA:27,1
DA:28,1
DA:32,6
DA:37,1
DA:42,1
DA:58,2
LF:16
LH:14
BRDA:22,0,0,1
BRDA:22,0,1,1
BRDA:22,1,0,2
BRDA:22,1,1,1
BRDA:45,2,0,6
BRDA:45,2,1,1
BRF:6
BRH:6
end_of_record
TN:
SF:Src\Screens\Register.Screen.tsx
FN:17,(anonymous_0)
FN:23,(anonymous_1)
FN:56,(anonymous_2)
FN:61,(anonymous_3)
FN:66,(anonymous_4)
FN:83,(anonymous_5)
FNF:6
FNH:6
FNDA:9,(anonymous_0)
FNDA:2,(anonymous_1)
FNDA:1,(anonymous_2)
FNDA:1,(anonymous_3)
FNDA:1,(anonymous_4)
FNDA:1,(anonymous_5)
DA:17,2
DA:18,9
DA:19,9
DA:20,9
DA:21,9
DA:23,9
DA:24,2
DA:25,2
DA:26,1
DA:27,1
DA:28,1
DA:29,1
DA:30,0
DA:31,0
DA:32,0
DA:33,0
DA:35,0
DA:36,0
DA:40,1
DA:44,1
DA:45,1
DA:51,9
DA:56,1
DA:61,1
DA:66,1
DA:83,1
DA:89,2
LF:27
LH:21
BRDA:25,0,0,1
BRDA:25,0,1,1
BRDA:25,1,0,2
BRDA:25,1,1,1
BRDA:25,1,2,1
BRDA:32,2,0,0
BRDA:32,2,1,0
BRDA:71,3,0,9
BRDA:71,3,1,1
BRF:9
BRH:7
end_of_record
TN:
SF:Src\navigation\appstack.tsx
FN:14,(anonymous_0)
FNF:1
FNH:0
FNDA:0,(anonymous_0)
DA:13,1
DA:14,1
DA:15,0
LF:3
LH:2
BRF:0
BRH:0
end_of_record
TN:
SF:Src\navigation\authstack.tsx
FN:9,(anonymous_0)
FNF:1
FNH:1
FNDA:1,(anonymous_0)
DA:8,1
DA:9,1
DA:10,1
LF:3
LH:3
BRF:0
BRH:0
end_of_record
TN:
SF:Src\navigation\mainNav.tsx
FN:12,(anonymous_0)
FN:16,(anonymous_1)
FN:18,(anonymous_2)
FN:26,(anonymous_3)
FNF:4
FNH:3
FNDA:1,(anonymous_0)
FNDA:1,(anonymous_1)
FNDA:0,(anonymous_2)
FNDA:1,(anonymous_3)
DA:12,1
DA:13,1
DA:16,1
DA:18,1
DA:19,0
DA:20,0
DA:21,0
DA:26,1
DA:27,1
DA:33,1
LF:10
LH:7
BRDA:19,0,0,0
BRDA:19,0,1,0
BRDA:35,1,0,0
BRDA:35,1,1,1
BRF:4
BRH:1
end_of_record
